<?xml version="1.0" encoding="UTF-8"?>
<!-- Generated by org.testng.reporters.JUnitReportReporter -->
<testsuite hostname="DESKTOP-39JPCDP" name="dependentTestPack.DependencyTest" tests="3" failures="0" timestamp="5 Jan 2016 09:56:56 GMT" time="28.551" errors="0">
  <testcase name="LogOut" time="3.043" classname="dependentTestPack.DependencyTest"/>
  <testcase name="SignIn" time="9.538" classname="dependentTestPack.DependencyTest"/>
  <testcase name="LaunchBrowser" time="15.970" classname="dependentTestPack.DependencyTest"/>
</testsuite> <!-- dependentTestPack.DependencyTest -->
